#
# There is insufficient memory for the Java Runtime Environment to continue.
# Native memory allocation (malloc) failed to allocate 765984 bytes for Chunk::new
# Possible reasons:
#   The system is out of physical RAM or swap space
#   The process is running with CompressedOops enabled, and the Java Heap may be blocking the growth of the native heap
# Possible solutions:
#   Reduce memory load on the system
#   Increase physical memory or swap space
#   Check if swap backing store is full
#   Decrease Java heap size (-Xmx/-Xms)
#   Decrease number of Java threads
#   Decrease Java thread stack sizes (-Xss)
#   Set larger code cache with -XX:ReservedCodeCacheSize=
#   JVM is running with Zero Based Compressed Oops mode in which the Java heap is
#     placed in the first 32GB address space. The Java Heap base address is the
#     maximum limit for the native heap growth. Please use -XX:HeapBaseMinAddress
#     to set the Java Heap base and to place the Java Heap above 32GB virtual address.
# This output file may be truncated or incomplete.
#
#  Out of Memory Error (allocation.cpp:389), pid=9792, tid=0x0000000000000f9c
#
# JRE version: OpenJDK Runtime Environment (8.0_312-b07) (build 1.8.0_312-b07)
# Java VM: OpenJDK 64-Bit Server VM (25.312-b07 mixed mode windows-amd64 compressed oops)
# Failed to write core dump. Minidumps are not enabled by default on client versions of Windows
#

---------------  T H R E A D  ---------------

Current thread (0x0000022e87c78000):  JavaThread "C2 CompilerThread1" daemon [_thread_in_native, id=3996, stack(0x0000005a44700000,0x0000005a44800000)]

Stack: [0x0000005a44700000,0x0000005a44800000]
[error occurred during error reporting (printing stack bounds), id 0xc0000005]

Native frames: (J=compiled Java code, j=interpreted, Vv=VM code, C=native code)


Current CompileTask:
C2:  15296 4027       4       org.springframework.core.annotation.TypeMappedAnnotations::get (52 bytes)


---------------  P R O C E S S  ---------------

Java Threads: ( => current thread )
  0x0000022e87c6f800 JavaThread "HikariPool-1 connection adder" daemon [_thread_blocked, id=9104, stack(0x0000005a45300000,0x0000005a45400000)]
  0x0000022e87c6e800 JavaThread "HikariPool-1 housekeeper" daemon [_thread_blocked, id=25264, stack(0x0000005a45200000,0x0000005a45300000)]
  0x0000022e87c71000 JavaThread "container-0" [_thread_blocked, id=21652, stack(0x0000005a45000000,0x0000005a45100000)]
  0x0000022e87c72800 JavaThread "Catalina-utility-2" [_thread_blocked, id=24084, stack(0x0000005a44f00000,0x0000005a45000000)]
  0x0000022e87c6d800 JavaThread "Catalina-utility-1" [_thread_blocked, id=17072, stack(0x0000005a44e00000,0x0000005a44f00000)]
  0x0000022e87c70000 JavaThread "restartedMain" [_thread_in_vm, id=23848, stack(0x0000005a44d00000,0x0000005a44e00000)]
  0x0000022e87c6c000 JavaThread "Thread-0" [_thread_blocked, id=15616, stack(0x0000005a44c00000,0x0000005a44d00000)]
  0x0000022e87c6b800 JavaThread "Service Thread" daemon [_thread_blocked, id=13396, stack(0x0000005a44a00000,0x0000005a44b00000)]
  0x0000022e87c84000 JavaThread "C1 CompilerThread3" daemon [_thread_blocked, id=11148, stack(0x0000005a44900000,0x0000005a44a00000)]
  0x0000022e87c79000 JavaThread "C2 CompilerThread2" daemon [_thread_in_native, id=23544, stack(0x0000005a44800000,0x0000005a44900000)]
=>0x0000022e87c78000 JavaThread "C2 CompilerThread1" daemon [_thread_in_native, id=3996, stack(0x0000005a44700000,0x0000005a44800000)]
  0x0000022e87c76000 JavaThread "C2 CompilerThread0" daemon [_thread_in_native, id=25312, stack(0x0000005a44600000,0x0000005a44700000)]
  0x0000022e87c6d000 JavaThread "Monitor Ctrl-Break" daemon [_thread_in_native, id=2184, stack(0x0000005a44500000,0x0000005a44600000)]
  0x0000022efec5d000 JavaThread "Attach Listener" daemon [_thread_blocked, id=25216, stack(0x0000005a44400000,0x0000005a44500000)]
  0x0000022efec5c000 JavaThread "Signal Dispatcher" daemon [_thread_blocked, id=13280, stack(0x0000005a44300000,0x0000005a44400000)]
  0x0000022eebfcb800 JavaThread "Finalizer" daemon [_thread_blocked, id=24608, stack(0x0000005a44200000,0x0000005a44300000)]
  0x0000022efec36000 JavaThread "Reference Handler" daemon [_thread_blocked, id=25592, stack(0x0000005a44100000,0x0000005a44200000)]
  0x0000022eebf1e000 JavaThread "main" [_thread_blocked, id=25508, stack(0x0000005a43700000,0x0000005a43800000)]

Other Threads:
  0x0000022eebfbe800 VMThread [stack: 0x0000005a44000000,0x0000005a44100000] [id=24804]
  0x0000022e87d40800 WatcherThread [stack: 0x0000005a44b00000,0x0000005a44c00000] [id=19676]

VM state:not at safepoint (normal execution)

VM Mutex/Monitor currently owned by a thread: None

heap address: 0x00000006e1000000, size: 3568 MB, Compressed Oops mode: Zero based, Oop shift amount: 3
Narrow klass base: 0x0000000000000000, Narrow klass shift: 3
Compressed class space size: 1073741824 Address: 0x00000007c0000000

Heap:
 PSYoungGen      total 159232K, used 144447K [0x0000000775b00000, 0x0000000780380000, 0x00000007c0000000)
  eden space 147968K, 97% used [0x0000000775b00000,0x000000077e80fd78,0x000000077eb80000)
  from space 11264K, 0% used [0x000000077f880000,0x000000077f880000,0x0000000780380000)
  to   space 12288K, 0% used [0x000000077eb80000,0x000000077eb80000,0x000000077f780000)
 ParOldGen       total 125952K, used 13552K [0x00000006e1000000, 0x00000006e8b00000, 0x0000000775b00000)
  object space 125952K, 10% used [0x00000006e1000000,0x00000006e1d3c0f8,0x00000006e8b00000)
 Metaspace       used 49342K, capacity 52334K, committed 52568K, reserved 1095680K
  class space    used 6746K, capacity 7278K, committed 7296K, reserved 1048576K

Card table byte_map: [0x0000022efccf0000,0x0000022efd3f0000] byte_map_base: 0x0000022ef95e8000

Marking Bits: (ParMarkBitMap*) 0x000000005d45c860
 Begin Bits: [0x0000022e80000000, 0x0000022e837c0000)
 End Bits:   [0x0000022e837c0000, 0x0000022e86f80000)

Polling page: 0x0000022eec140000

CodeCache: size=245760Kb used=13205Kb max_used=13205Kb free=232554Kb
 bounds [0x0000022eed930000, 0x0000022eee630000, 0x0000022efc930000]
 total_blobs=4278 nmethods=3796 adapters=395
 compilation: enabled

Compilation events (10 events):
Event: 15.222 Thread 0x0000022e87c84000 4219       3       org.springframework.data.repository.core.support.MethodLookups$RepositoryAwareMethodLookup$$Lambda$830/1580664729::get$Lambda (9 bytes)
Event: 15.222 Thread 0x0000022e87c84000 nmethod 4219 0x0000022eee61d390 code [0x0000022eee61d500, 0x0000022eee61d758]
Event: 15.222 Thread 0x0000022e87c84000 4213       3       org.springframework.core.annotation.AnnotationUtils::findAnnotation (70 bytes)
Event: 15.225 Thread 0x0000022e87c84000 nmethod 4213 0x0000022eee61d850 code [0x0000022eee61dbc0, 0x0000022eee61f6f0]
Event: 15.225 Thread 0x0000022e87c84000 4222       3       java.util.stream.Streams$ConcatSpliterator::estimateSize (51 bytes)
Event: 15.225 Thread 0x0000022e87c84000 nmethod 4222 0x0000022eee620550 code [0x0000022eee6206e0, 0x0000022eee620b50]
Event: 15.240 Thread 0x0000022e87c84000 4224       3       org.springframework.util.ReflectionUtils::findConcreteMethodsOnInterfaces (100 bytes)
Event: 15.241 Thread 0x0000022e87c84000 nmethod 4224 0x0000022eee620c90 code [0x0000022eee620ea0, 0x0000022eee6218e0]
Event: 15.241 Thread 0x0000022e87c84000 4225       1       org.springframework.core.annotation.MissingMergedAnnotation::withNonMergedAttributes (2 bytes)
Event: 15.241 Thread 0x0000022e87c84000 nmethod 4225 0x0000022eee621ed0 code [0x0000022eee622020, 0x0000022eee622138]

GC Heap History (10 events):
Event: 6.230 GC heap before
{Heap before GC invocations=6 (full 1):
 PSYoungGen      total 67072K, used 57856K [0x0000000775b00000, 0x000000077de00000, 0x00000007c0000000)
  eden space 57856K, 100% used [0x0000000775b00000,0x0000000779380000,0x0000000779380000)
  from space 9216K, 0% used [0x0000000779c80000,0x0000000779c80000,0x000000077a580000)
  to   space 9216K, 0% used [0x0000000779380000,0x0000000779380000,0x0000000779c80000)
 ParOldGen       total 82944K, used 5222K [0x00000006e1000000, 0x00000006e6100000, 0x0000000775b00000)
  object space 82944K, 6% used [0x00000006e1000000,0x00000006e1519a58,0x00000006e6100000)
 Metaspace       used 22882K, capacity 23958K, committed 24192K, reserved 1071104K
  class space    used 2852K, capacity 3082K, committed 3200K, reserved 1048576K
Event: 6.238 GC heap after
Heap after GC invocations=6 (full 1):
 PSYoungGen      total 67072K, used 5396K [0x0000000775b00000, 0x000000077ce00000, 0x00000007c0000000)
  eden space 57856K, 0% used [0x0000000775b00000,0x0000000775b00000,0x0000000779380000)
  from space 9216K, 58% used [0x0000000779380000,0x00000007798c53c8,0x0000000779c80000)
  to   space 11264K, 0% used [0x000000077c300000,0x000000077c300000,0x000000077ce00000)
 ParOldGen       total 82944K, used 5230K [0x00000006e1000000, 0x00000006e6100000, 0x0000000775b00000)
  object space 82944K, 6% used [0x00000006e1000000,0x00000006e151ba58,0x00000006e6100000)
 Metaspace       used 22882K, capacity 23958K, committed 24192K, reserved 1071104K
  class space    used 2852K, capacity 3082K, committed 3200K, reserved 1048576K
}
Event: 8.789 GC heap before
{Heap before GC invocations=7 (full 1):
 PSYoungGen      total 67072K, used 63252K [0x0000000775b00000, 0x000000077ce00000, 0x00000007c0000000)
  eden space 57856K, 100% used [0x0000000775b00000,0x0000000779380000,0x0000000779380000)
  from space 9216K, 58% used [0x0000000779380000,0x00000007798c53c8,0x0000000779c80000)
  to   space 11264K, 0% used [0x000000077c300000,0x000000077c300000,0x000000077ce00000)
 ParOldGen       total 82944K, used 5230K [0x00000006e1000000, 0x00000006e6100000, 0x0000000775b00000)
  object space 82944K, 6% used [0x00000006e1000000,0x00000006e151ba58,0x00000006e6100000)
 Metaspace       used 28116K, capacity 30118K, committed 30208K, reserved 1075200K
  class space    used 3652K, capacity 4021K, committed 4096K, reserved 1048576K
Event: 8.804 GC heap after
Heap after GC invocations=7 (full 1):
 PSYoungGen      total 102400K, used 8683K [0x0000000775b00000, 0x000000077cc80000, 0x00000007c0000000)
  eden space 92672K, 0% used [0x0000000775b00000,0x0000000775b00000,0x000000077b580000)
  from space 9728K, 89% used [0x000000077c300000,0x000000077cb7ac48,0x000000077cc80000)
  to   space 11776K, 0% used [0x000000077b580000,0x000000077b580000,0x000000077c100000)
 ParOldGen       total 82944K, used 5238K [0x00000006e1000000, 0x00000006e6100000, 0x0000000775b00000)
  object space 82944K, 6% used [0x00000006e1000000,0x00000006e151da58,0x00000006e6100000)
 Metaspace       used 28116K, capacity 30118K, committed 30208K, reserved 1075200K
  class space    used 3652K, capacity 4021K, committed 4096K, reserved 1048576K
}
Event: 9.314 GC heap before
{Heap before GC invocations=8 (full 1):
 PSYoungGen      total 102400K, used 101355K [0x0000000775b00000, 0x000000077cc80000, 0x00000007c0000000)
  eden space 92672K, 100% used [0x0000000775b00000,0x000000077b580000,0x000000077b580000)
  from space 9728K, 89% used [0x000000077c300000,0x000000077cb7ac48,0x000000077cc80000)
  to   space 11776K, 0% used [0x000000077b580000,0x000000077b580000,0x000000077c100000)
 ParOldGen       total 82944K, used 5238K [0x00000006e1000000, 0x00000006e6100000, 0x0000000775b00000)
  object space 82944K, 6% used [0x00000006e1000000,0x00000006e151da58,0x00000006e6100000)
 Metaspace       used 29781K, capacity 31740K, committed 31872K, reserved 1077248K
  class space    used 3837K, capacity 4194K, committed 4224K, reserved 1048576K
Event: 9.324 GC heap after
Heap after GC invocations=8 (full 1):
 PSYoungGen      total 104448K, used 7836K [0x0000000775b00000, 0x0000000780380000, 0x00000007c0000000)
  eden space 92672K, 0% used [0x0000000775b00000,0x0000000775b00000,0x000000077b580000)
  from space 11776K, 66% used [0x000000077b580000,0x000000077bd27218,0x000000077c100000)
  to   space 11264K, 0% used [0x000000077f880000,0x000000077f880000,0x0000000780380000)
 ParOldGen       total 82944K, used 5246K [0x00000006e1000000, 0x00000006e6100000, 0x0000000775b00000)
  object space 82944K, 6% used [0x00000006e1000000,0x00000006e151fa58,0x00000006e6100000)
 Metaspace       used 29781K, capacity 31740K, committed 31872K, reserved 1077248K
  class space    used 3837K, capacity 4194K, committed 4224K, reserved 1048576K
}
Event: 10.583 GC heap before
{Heap before GC invocations=9 (full 1):
 PSYoungGen      total 104448K, used 50868K [0x0000000775b00000, 0x0000000780380000, 0x00000007c0000000)
  eden space 92672K, 46% used [0x0000000775b00000,0x0000000778505e28,0x000000077b580000)
  from space 11776K, 66% used [0x000000077b580000,0x000000077bd27218,0x000000077c100000)
  to   space 11264K, 0% used [0x000000077f880000,0x000000077f880000,0x0000000780380000)
 ParOldGen       total 82944K, used 5246K [0x00000006e1000000, 0x00000006e6100000, 0x0000000775b00000)
  object space 82944K, 6% used [0x00000006e1000000,0x00000006e151fa58,0x00000006e6100000)
 Metaspace       used 33272K, capacity 35372K, committed 35416K, reserved 1079296K
  class space    used 4316K, capacity 4694K, committed 4736K, reserved 1048576K
Event: 10.596 GC heap after
Heap after GC invocations=9 (full 1):
 PSYoungGen      total 159232K, used 9790K [0x0000000775b00000, 0x0000000780380000, 0x00000007c0000000)
  eden space 147968K, 0% used [0x0000000775b00000,0x0000000775b00000,0x000000077eb80000)
  from space 11264K, 86% used [0x000000077f880000,0x000000078020fbf0,0x0000000780380000)
  to   space 12288K, 0% used [0x000000077eb80000,0x000000077eb80000,0x000000077f780000)
 ParOldGen       total 82944K, used 5254K [0x00000006e1000000, 0x00000006e6100000, 0x0000000775b00000)
  object space 82944K, 6% used [0x00000006e1000000,0x00000006e1521a58,0x00000006e6100000)
 Metaspace       used 33272K, capacity 35372K, committed 35416K, reserved 1079296K
  class space    used 4316K, capacity 4694K, committed 4736K, reserved 1048576K
}
Event: 10.596 GC heap before
{Heap before GC invocations=10 (full 2):
 PSYoungGen      total 159232K, used 9790K [0x0000000775b00000, 0x0000000780380000, 0x00000007c0000000)
  eden space 147968K, 0% used [0x0000000775b00000,0x0000000775b00000,0x000000077eb80000)
  from space 11264K, 86% used [0x000000077f880000,0x000000078020fbf0,0x0000000780380000)
  to   space 12288K, 0% used [0x000000077eb80000,0x000000077eb80000,0x000000077f780000)
 ParOldGen       total 82944K, used 5254K [0x00000006e1000000, 0x00000006e6100000, 0x0000000775b00000)
  object space 82944K, 6% used [0x00000006e1000000,0x00000006e1521a58,0x00000006e6100000)
 Metaspace       used 33272K, capacity 35372K, committed 35416K, reserved 1079296K
  class space    used 4316K, capacity 4694K, committed 4736K, reserved 1048576K
Event: 10.682 GC heap after
Heap after GC invocations=10 (full 2):
 PSYoungGen      total 159232K, used 0K [0x0000000775b00000, 0x0000000780380000, 0x00000007c0000000)
  eden space 147968K, 0% used [0x0000000775b00000,0x0000000775b00000,0x000000077eb80000)
  from space 11264K, 0% used [0x000000077f880000,0x000000077f880000,0x0000000780380000)
  to   space 12288K, 0% used [0x000000077eb80000,0x000000077eb80000,0x000000077f780000)
 ParOldGen       total 125952K, used 13552K [0x00000006e1000000, 0x00000006e8b00000, 0x0000000775b00000)
  object space 125952K, 10% used [0x00000006e1000000,0x00000006e1d3c0f8,0x00000006e8b00000)
 Metaspace       used 33272K, capacity 35372K, committed 35416K, reserved 1079296K
  class space    used 4316K, capacity 4694K, committed 4736K, reserved 1048576K
}

Deoptimization events (10 events):
Event: 14.276 Thread 0x0000022e87c70000 Uncommon trap: reason=class_check action=maybe_recompile pc=0x0000022eee260cec method=org.springframework.core.ResolvableType.resolveType()Lorg/springframework/core/ResolvableType; @ 101
Event: 14.298 Thread 0x0000022e87c70000 Uncommon trap: reason=class_check action=maybe_recompile pc=0x0000022eee397dd8 method=org.springframework.beans.factory.support.AbstractBeanFactory.isTypeMatch(Ljava/lang/String;Lorg/springframework/core/ResolvableType;Z)Z @ 53
Event: 14.301 Thread 0x0000022e87c70000 Uncommon trap: reason=unstable_if action=reinterpret pc=0x0000022eedaa1420 method=org.springframework.core.annotation.TypeMappedAnnotations$MergedAnnotationFinder.doWithAnnotations(Ljava/lang/Object;ILjava/lang/Object;[Ljava/lang/annotation/Annotation;)Lo
Event: 14.301 Thread 0x0000022e87c70000 Uncommon trap: reason=class_check action=maybe_recompile pc=0x0000022eee397dd8 method=org.springframework.beans.factory.support.AbstractBeanFactory.isTypeMatch(Ljava/lang/String;Lorg/springframework/core/ResolvableType;Z)Z @ 53
Event: 14.304 Thread 0x0000022e87c70000 Uncommon trap: reason=unstable_if action=reinterpret pc=0x0000022eee11a31c method=org.springframework.beans.factory.support.AbstractAutowireCapableBeanFactory.determineTargetType(Ljava/lang/String;Lorg/springframework/beans/factory/support/RootBeanDefinit
Event: 14.536 Thread 0x0000022e87c70000 Uncommon trap: reason=class_check action=maybe_recompile pc=0x0000022eee260cec method=org.springframework.core.ResolvableType.resolveType()Lorg/springframework/core/ResolvableType; @ 101
Event: 14.537 Thread 0x0000022e87c70000 Uncommon trap: reason=class_check action=maybe_recompile pc=0x0000022eee260cec method=org.springframework.core.ResolvableType.resolveType()Lorg/springframework/core/ResolvableType; @ 101
Event: 14.826 Thread 0x0000022e87c70000 Uncommon trap: reason=unstable_if action=reinterpret pc=0x0000022eee374ab0 method=org.springframework.util.ConcurrentReferenceHashMap$Segment.restructureIfNecessary(Z)V @ 41
Event: 14.831 Thread 0x0000022e87c70000 Uncommon trap: reason=unstable_if action=reinterpret pc=0x0000022eee372e70 method=org.springframework.util.ConcurrentReferenceHashMap$Segment.restructureIfNecessary(Z)V @ 41
Event: 14.904 Thread 0x0000022e87c70000 Uncommon trap: reason=unstable_if action=reinterpret pc=0x0000022eeddac6fc method=org.springframework.util.ConcurrentReferenceHashMap$Segment.restructureIfNecessary(Z)V @ 41

Classes redefined (0 events):
No events

Internal exceptions (10 events):
Event: 14.931 Thread 0x0000022e87c70000 Exception <a 'java/lang/NoSuchMethodError': java.lang.Object.lambda$toStream$0(Ljava/util/Optional;)Ljava/util/stream/Stream;> (0x000000077dcf1188) thrown at [E:\jenkins\tmp\workspace\build\src\hotspot\src\share\vm\interpreter\linkResolver.cpp, line 620]
Event: 14.932 Thread 0x0000022e87c70000 Exception <a 'java/lang/NoSuchMethodError': java.lang.Object.of(Ljava/lang/Object;)Ljava/util/stream/Stream;> (0x000000077dcf8180) thrown at [E:\jenkins\tmp\workspace\build\src\hotspot\src\share\vm\interpreter\linkResolver.cpp, line 620]
Event: 14.933 Thread 0x0000022e87c70000 Exception <a 'java/lang/NoSuchMethodError': java.lang.Object.empty()Ljava/util/stream/Stream;> (0x000000077dcfb1a0) thrown at [E:\jenkins\tmp\workspace\build\src\hotspot\src\share\vm\interpreter\linkResolver.cpp, line 620]
Event: 14.937 Thread 0x0000022e87c70000 Exception <a 'java/lang/NoSuchMethodError': java.lang.Object.fromNullable(Ljava/lang/Object;)Ljava/util/stream/Stream;> (0x000000077dd0f2e0) thrown at [E:\jenkins\tmp\workspace\build\src\hotspot\src\share\vm\interpreter\linkResolver.cpp, line 620]
Event: 14.972 Thread 0x0000022e87c70000 Exception <a 'java/lang/ClassNotFoundException': java/lang/ObjectCustomizer> (0x000000077dda01d0) thrown at [E:\jenkins\tmp\workspace\build\src\hotspot\src\share\vm\classfile\systemDictionary.cpp, line 217]
Event: 14.976 Thread 0x0000022e87c70000 Exception <a 'java/lang/ClassNotFoundException': com/frsystem/com/sisppal/modelo/TipoDocCustomizer> (0x000000077ddb7aa0) thrown at [E:\jenkins\tmp\workspace\build\src\hotspot\src\share\vm\classfile\systemDictionary.cpp, line 217]
Event: 15.063 Thread 0x0000022e87c70000 Exception <a 'java/lang/NoSuchMethodError': java.lang.Object.lambda$direct$0(Lorg/springframework/data/repository/core/support/MethodLookup$InvokedMethod;Ljava/lang/reflect/Method;)Z> (0x000000077df16d00) thrown at [E:\jenkins\tmp\workspace\build\src\hots
Event: 15.064 Thread 0x0000022e87c70000 Exception <a 'java/lang/NoSuchMethodError': java.lang.Object.lambda$direct$1(Lorg/springframework/data/repository/core/support/MethodLookup$MethodPredicate;)Ljava/util/List;> (0x000000077df1a0b0) thrown at [E:\jenkins\tmp\workspace\build\src\hotspot\src\s
Event: 15.069 Thread 0x0000022e87c70000 Exception <a 'java/lang/NoSuchMethodError': java.lang.Object.lambda$and$0(Lorg/springframework/data/repository/core/support/MethodLookup;)Ljava/util/List;> (0x000000077df34540) thrown at [E:\jenkins\tmp\workspace\build\src\hotspot\src\share\vm\interpreter
Event: 15.150 Thread 0x0000022e87c70000 Exception <a 'java/lang/IncompatibleClassChangeError': Found class java.lang.Object, but interface was expected> (0x000000077e12f088) thrown at [E:\jenkins\tmp\workspace\build\src\hotspot\src\share\vm\interpreter\linkResolver.cpp, line 653]

Events (10 events):
Event: 15.287 loading class org/springframework/data/jpa/repository/query/JpaQueryLookupStrategy$CreateIfNotFoundQueryLookupStrategy
Event: 15.287 loading class org/springframework/data/jpa/repository/query/JpaQueryLookupStrategy$CreateIfNotFoundQueryLookupStrategy done
Event: 15.287 loading class org/springframework/data/jpa/repository/query/JpaQueryLookupStrategy$AbstractQueryLookupStrategy
Event: 15.287 loading class org/springframework/data/jpa/repository/query/JpaQueryLookupStrategy$AbstractQueryLookupStrategy done
Event: 15.288 loading class org/springframework/data/jpa/repository/query/JpaQueryLookupStrategy$CreateQueryLookupStrategy
Event: 15.288 loading class org/springframework/data/jpa/repository/query/JpaQueryLookupStrategy$CreateQueryLookupStrategy done
Event: 15.290 loading class org/springframework/data/jpa/repository/query/JpaQueryLookupStrategy$DeclaredQueryLookupStrategy
Event: 15.290 loading class org/springframework/data/jpa/repository/query/JpaQueryLookupStrategy$DeclaredQueryLookupStrategy done
Event: 15.292 loading class org/springframework/data/repository/core/support/QueryExecutorMethodInterceptor
Event: 15.292 loading class org/springframework/data/repository/core/support/QueryExecutorMethodInterceptor done


Dynamic libraries:
0x00007ff6c9ca0000 - 0x00007ff6c9cda000 	C:\Program Files\Eclipse Adoptium\jdk-8.0.312.7-hotspot\bin\java.exe
0x00007ffea53f0000 - 0x00007ffea55e8000 	C:\Windows\SYSTEM32\ntdll.dll
0x00007ffe57390000 - 0x00007ffe573a9000 	C:\Program Files\AVG\Antivirus\aswhook.dll
0x00007ffea35f0000 - 0x00007ffea36af000 	C:\Windows\System32\KERNEL32.DLL
0x00007ffea2b70000 - 0x00007ffea2e4a000 	C:\Windows\System32\KERNELBASE.dll
0x00007ffea4f10000 - 0x00007ffea4fbe000 	C:\Windows\System32\ADVAPI32.dll
0x00007ffea3cc0000 - 0x00007ffea3d5e000 	C:\Windows\System32\msvcrt.dll
0x00007ffea5020000 - 0x00007ffea50bc000 	C:\Windows\System32\sechost.dll
0x00007ffea40f0000 - 0x00007ffea4216000 	C:\Windows\System32\RPCRT4.dll
0x00007ffea3450000 - 0x00007ffea35ed000 	C:\Windows\System32\USER32.dll
0x00007ffea3420000 - 0x00007ffea3442000 	C:\Windows\System32\win32u.dll
0x00007ffea4fc0000 - 0x00007ffea4feb000 	C:\Windows\System32\GDI32.dll
0x00007ffea2fe0000 - 0x00007ffea30f0000 	C:\Windows\System32\gdi32full.dll
0x00007ffea30f0000 - 0x00007ffea318d000 	C:\Windows\System32\msvcp_win.dll
0x00007ffea2ee0000 - 0x00007ffea2fe0000 	C:\Windows\System32\ucrtbase.dll
0x00007ffe8a0b0000 - 0x00007ffe8a34a000 	C:\Windows\WinSxS\amd64_microsoft.windows.common-controls_6595b64144ccf1df_6.0.19041.1110_none_60b5254171f9507e\COMCTL32.dll
0x00007ffea3d60000 - 0x00007ffea3d90000 	C:\Windows\System32\IMM32.DLL
0x00007ffe44bb0000 - 0x00007ffe44c9f000 	C:\Program Files\Eclipse Adoptium\jdk-8.0.312.7-hotspot\jre\bin\msvcr120.dll
0x00007ffe3def0000 - 0x00007ffe3df96000 	C:\Program Files\Eclipse Adoptium\jdk-8.0.312.7-hotspot\jre\bin\msvcp120.dll
0x000000005cc70000 - 0x000000005d4db000 	C:\Program Files\Eclipse Adoptium\jdk-8.0.312.7-hotspot\jre\bin\server\jvm.dll
0x00007ffea4ff0000 - 0x00007ffea4ff8000 	C:\Windows\System32\PSAPI.DLL
0x00007ffe96c10000 - 0x00007ffe96c37000 	C:\Windows\SYSTEM32\WINMM.dll
0x00007ffe9b720000 - 0x00007ffe9b72a000 	C:\Windows\SYSTEM32\VERSION.dll
0x00007ffe86440000 - 0x00007ffe86449000 	C:\Windows\SYSTEM32\WSOCK32.dll
0x00007ffea3c50000 - 0x00007ffea3cbb000 	C:\Windows\System32\WS2_32.dll
0x00007ffe60d10000 - 0x00007ffe60d1f000 	C:\Program Files\Eclipse Adoptium\jdk-8.0.312.7-hotspot\jre\bin\verify.dll
0x00007ffe5a3a0000 - 0x00007ffe5a3c9000 	C:\Program Files\Eclipse Adoptium\jdk-8.0.312.7-hotspot\jre\bin\java.dll
0x00007ffe89930000 - 0x00007ffe8995a000 	C:\Program Files\Eclipse Adoptium\jdk-8.0.312.7-hotspot\jre\bin\instrument.dll
0x00007ffe5f110000 - 0x00007ffe5f126000 	C:\Program Files\Eclipse Adoptium\jdk-8.0.312.7-hotspot\jre\bin\zip.dll
0x00007ffea4220000 - 0x00007ffea4964000 	C:\Windows\System32\SHELL32.dll
0x00007ffea0b80000 - 0x00007ffea1313000 	C:\Windows\SYSTEM32\windows.storage.dll
0x00007ffea3d90000 - 0x00007ffea40e4000 	C:\Windows\System32\combase.dll
0x00007ffea23a0000 - 0x00007ffea23ce000 	C:\Windows\SYSTEM32\Wldp.dll
0x00007ffea39e0000 - 0x00007ffea3a8d000 	C:\Windows\System32\SHCORE.dll
0x00007ffea37e0000 - 0x00007ffea3835000 	C:\Windows\System32\shlwapi.dll
0x00007ffea2a40000 - 0x00007ffea2a5f000 	C:\Windows\SYSTEM32\profapi.dll
0x00007ffe8a4f0000 - 0x00007ffe8a50a000 	C:\Program Files\JetBrains\IntelliJ IDEA Community Edition 2023.2.4\bin\breakgen64.dll
0x00007ffe783c0000 - 0x00007ffe783da000 	C:\Program Files\Eclipse Adoptium\jdk-8.0.312.7-hotspot\jre\bin\net.dll
0x00007ffea2180000 - 0x00007ffea21ea000 	C:\Windows\system32\mswsock.dll
0x00007ffe9a6c0000 - 0x00007ffe9a6cd000 	C:\Program Files\Eclipse Adoptium\jdk-8.0.312.7-hotspot\jre\bin\management.dll
0x00007ffe68d10000 - 0x00007ffe68d27000 	C:\Windows\system32\napinsp.dll
0x00007ffe68cf0000 - 0x00007ffe68d0b000 	C:\Windows\system32\pnrpnsp.dll
0x00007ffe9bf50000 - 0x00007ffe9bf65000 	C:\Windows\system32\wshbth.dll
0x00007ffe9e4c0000 - 0x00007ffe9e4dd000 	C:\Windows\system32\NLAapi.dll
0x00007ffea1e90000 - 0x00007ffea1ecc000 	C:\Windows\SYSTEM32\IPHLPAPI.DLL
0x00007ffea1ed0000 - 0x00007ffea1f9b000 	C:\Windows\SYSTEM32\DNSAPI.dll
0x00007ffea3a90000 - 0x00007ffea3a98000 	C:\Windows\System32\NSI.dll
0x00007ffe68cd0000 - 0x00007ffe68ce2000 	C:\Windows\System32\winrnr.dll
0x00007ffe969d0000 - 0x00007ffe969da000 	C:\Windows\System32\rasadhlp.dll
0x00007ffe901a0000 - 0x00007ffe90220000 	C:\Windows\System32\fwpuclnt.dll
0x00007ffea3190000 - 0x00007ffea31b7000 	C:\Windows\System32\bcrypt.dll
0x00007ffe60aa0000 - 0x00007ffe60ab2000 	C:\Program Files\Eclipse Adoptium\jdk-8.0.312.7-hotspot\jre\bin\nio.dll
0x00007ffea23e0000 - 0x00007ffea23f8000 	C:\Windows\SYSTEM32\CRYPTSP.dll
0x00007ffea1ac0000 - 0x00007ffea1af4000 	C:\Windows\system32\rsaenh.dll
0x00007ffea2a00000 - 0x00007ffea2a2e000 	C:\Windows\SYSTEM32\USERENV.dll
0x00007ffea2e50000 - 0x00007ffea2ed2000 	C:\Windows\System32\bcryptprimitives.dll
0x00007ffea2310000 - 0x00007ffea231c000 	C:\Windows\SYSTEM32\CRYPTBASE.dll
0x00007ffe99090000 - 0x00007ffe990a7000 	C:\Windows\SYSTEM32\dhcpcsvc6.DLL
0x00007ffe9a6a0000 - 0x00007ffe9a6bd000 	C:\Windows\SYSTEM32\dhcpcsvc.DLL
0x00007ffe89900000 - 0x00007ffe89923000 	C:\Program Files\Eclipse Adoptium\jdk-8.0.312.7-hotspot\jre\bin\sunec.dll
0x00007ffe90b20000 - 0x00007ffe90b2c000 	C:\Program Files\Eclipse Adoptium\jdk-8.0.312.7-hotspot\jre\bin\sunmscapi.dll
0x00007ffea31c0000 - 0x00007ffea3316000 	C:\Windows\System32\CRYPT32.dll
0x00007ffea24f0000 - 0x00007ffea2518000 	C:\Windows\SYSTEM32\ncrypt.dll
0x00007ffea24b0000 - 0x00007ffea24eb000 	C:\Windows\SYSTEM32\NTASN1.dll

VM Arguments:
jvm_args: -javaagent:C:\Program Files\JetBrains\IntelliJ IDEA Community Edition 2023.2.4\lib\idea_rt.jar=52486:C:\Program Files\JetBrains\IntelliJ IDEA Community Edition 2023.2.4\bin -Dfile.encoding=UTF-8 
java_command: com.frsystem.com.sisppal.SisppalApplication
java_class_path (initial): C:\Program Files\Eclipse Adoptium\jdk-8.0.312.7-hotspot\jre\lib\charsets.jar;C:\Program Files\Eclipse Adoptium\jdk-8.0.312.7-hotspot\jre\lib\ext\access-bridge-64.jar;C:\Program Files\Eclipse Adoptium\jdk-8.0.312.7-hotspot\jre\lib\ext\cldrdata.jar;C:\Program Files\Eclipse Adoptium\jdk-8.0.312.7-hotspot\jre\lib\ext\dnsns.jar;C:\Program Files\Eclipse Adoptium\jdk-8.0.312.7-hotspot\jre\lib\ext\jaccess.jar;C:\Program Files\Eclipse Adoptium\jdk-8.0.312.7-hotspot\jre\lib\ext\localedata.jar;C:\Program Files\Eclipse Adoptium\jdk-8.0.312.7-hotspot\jre\lib\ext\nashorn.jar;C:\Program Files\Eclipse Adoptium\jdk-8.0.312.7-hotspot\jre\lib\ext\sunec.jar;C:\Program Files\Eclipse Adoptium\jdk-8.0.312.7-hotspot\jre\lib\ext\sunjce_provider.jar;C:\Program Files\Eclipse Adoptium\jdk-8.0.312.7-hotspot\jre\lib\ext\sunmscapi.jar;C:\Program Files\Eclipse Adoptium\jdk-8.0.312.7-hotspot\jre\lib\ext\sunpkcs11.jar;C:\Program Files\Eclipse Adoptium\jdk-8.0.312.7-hotspot\jre\lib\ext\zipfs.jar;C:\Program Files\Eclipse Adoptium\jdk-8.0.312.7-hotspot\jre\lib\jce.jar;C:\Program Files\Eclipse Adoptium\jdk-8.0.312.7-hotspot\jre\lib\jfr.jar;C:\Program Files\Eclipse Adoptium\jdk-8.0.312.7-hotspot\jre\lib\jsse.jar;C:\Program Files\Eclipse Adoptium\jdk-8.0.312.7-hotspot\jre\lib\management-agent.jar;C:\Program Files\Eclipse Adoptium\jdk-8.0.312.7-hotspot\jre\lib\resources.jar;C:\Program Files\Eclipse Adoptium\jdk-8.0.312.7-hotspot\jre\lib\rt.jar;D:\Udemy\Spring\sisppal\target\classes;C:\Users\Felipe Rueda\.m2\repository\org\springframework\boot\spring-boot-starter-data-jpa\2.7.16\spring-boot-starter-data-jpa-2.7.16.jar;C:\Users\Felipe Rueda\.m2\repository\org\springframework\boot\spring-boot-starter-aop\2.7.16\spring-boot-starter-aop-2.7.16.jar;C:\Users\Felipe Rueda\.m2\repository\org\springframework\spring-aop\5.3.30\spring-aop-5.3.30.jar;C:\Users\Felipe Rueda\.m2\repository\org\aspectj\aspectjweaver\1.9.7\aspectjweaver-1.9.7.jar;C:\Users\Felipe Rueda\.m2\repository\org\springfr
Launcher Type: SUN_STANDARD

Environment Variables:
JAVA_HOME=C:\Program Files\Java\jdk1.8.0_202
PATH=C:\Program Files\Java\jdk1.8.0_202\bin;C:\Program Files\Common Files\Oracle\Java\javapath;C:\app\oracle\product\21c\dbhomeXE\bin;C:\Program Files (x86)\Common Files\Oracle\Java\javapath;C:\Program Files\Eclipse Adoptium\jdk-8.0.312.7-hotspot\bin;C:\Program Files\Eclipse Adoptium\jdk-11.0.13.8-hotspot\bin;C:\Program Files\Java\jdk-11.0.12\bin;C:\Program Files\Python310\Scripts\;C:\Program Files\Python310\;C:\Windows\system32;C:\Windows;C:\Windows\System32\Wbem;C:\Windows\System32\WindowsPowerShell\v1.0\;C:\Windows\System32\OpenSSH\;C:\maven\bin;C:\Program Files (x86)\Microsoft SQL Server\150\Tools\Binn\;C:\Program Files\Microsoft SQL Server\150\Tools\Binn\;C:\Program Files (x86)\Microsoft SQL Server\150\DTS\Binn\;C:\Program Files\Microsoft SQL Server\150\DTS\Binn\;C:\Program Files\Microsoft SQL Server\Client SDK\ODBC\170\Tools\Binn\;C:\Program Files\Azure Data Studio\bin;C:\Program Files\Microsoft SQL Server\130\Tools\Binn\;C:\Program Files (x86)\Microsoft SQL Server\110\DTS\Binn\;C:\Program Files (x86)\Microsoft SQL Server\120\DTS\Binn\;C:\Program Files (x86)\Microsoft SQL Server\130\DTS\Binn\;C:\Program Files (x86)\Microsoft SQL Server\140\DTS\Binn\;C:\Program Files\PuTTY\;C:\Program Files\Docker\Docker\resources\bin;C:\ProgramData\DockerDesktop\version-bin;C:\Program Files\dotnet\;C:\Program Files\Git\cmd;C:\Program Files (x86)\nodejs\;C:\Program Files\MySQL\MySQL Shell 8.0\bin\;C:\Users\Felipe Rueda\AppData\Local\Microsoft\WindowsApps;;C:\Program Files\Azure Data Studio\bin;C:\Users\Felipe Rueda\AppData\Local\Programs\Microsoft VS Code\bin;C:\Users\Felipe Rueda\.dotnet\tools;C:\Users\Felipe Rueda\AppData\Roaming\npm
USERNAME=Felipe Rueda
OS=Windows_NT
PROCESSOR_IDENTIFIER=AMD64 Family 23 Model 24 Stepping 1, AuthenticAMD



---------------  S Y S T E M  ---------------

OS: Windows 10.0 , 64 bit Build 19041 (10.0.19041.2788)

CPU:total 8 (initial active 8) (8 cores per cpu, 1 threads per core) family 23 model 24 stepping 1, cmov, cx8, fxsr, mmx, sse, sse2, sse3, ssse3, sse4.1, sse4.2, popcnt, avx, avx2, aes, clmul, mmxext, 3dnowpref, lzcnt, sse4a, tsc, tscinvbit, tscinv, bmi1

Memory: 4k page, physical 14611788k(2735640k free), swap 19417092k(4652k free)

vm_info: OpenJDK 64-Bit Server VM (25.312-b07) for windows-amd64 JRE (1.8.0_312-b07), built on Oct 19 2021 15:47:56 by "jenkins" with MS VC++ 12.0 (VS2013)

time: Sat Nov 25 20:15:39 2023
timezone: Hora est. Pacífico, Sudamérica
elapsed time: 15.310433 seconds (0d 0h 0m 15s)

